Tue Jun 17 2014 14:56:24 GMT-0700 (PDT):
{ [Error: read ECONNRESET]
  stack: [Getter/Setter],
  code: 'ECONNRESET',
  errno: 'ECONNRESET',
  syscall: 'read',
  __frame: 
   { name: 'doLogStream',
     line: 250,
     file: '/usr/local/lib/node_modules/azure-cli/lib/commands/asm/site.log._js',
     prev: 
      { name: '__2',
        line: 82,
        file: '/usr/local/lib/node_modules/azure-cli/lib/commands/asm/site.log._js',
        prev: undefined,
        active: false,
        offset: 14,
        col: 18 },
     active: false,
     offset: 8,
     col: 11 },
  rawStack: [Getter] }
Error: read ECONNRESET
    at errnoException (net.js:904:11)
    at TCP.onread (net.js:558:19)
    at doLogStream (/usr/local/lib/node_modules/azure-cli/lib/commands/asm/site.log._js:258:11)
    at __2 (/usr/local/lib/node_modules/azure-cli/lib/commands/asm/site.log._js:96:18)

